2022-01-27 23:01:31.650 [main] INFO  o.s.b.t.context.SpringBootTestContextBootstrapper - Neither @ContextConfiguration nor @ContextHierarchy found for test class [com.rock.HelloApplicationTests], using SpringBootContextLoader
2022-01-27 23:01:31.654 [main] INFO  o.s.test.context.support.AbstractContextLoader - Could not detect default resource locations for test class [com.rock.HelloApplicationTests]: no resource found for suffixes {-context.xml, Context.groovy}.
2022-01-27 23:01:31.655 [main] INFO  o.s.t.c.support.AnnotationConfigContextLoaderUtils - Could not detect default configuration classes for test class [com.rock.HelloApplicationTests]: HelloApplicationTests does not declare any static, non-private, non-final, nested classes annotated with @Configuration.
2022-01-27 23:01:31.753 [main] INFO  o.s.b.t.context.SpringBootTestContextBootstrapper - Found @SpringBootConfiguration com.rock.HelloApplication for test class com.rock.HelloApplicationTests
2022-01-27 23:01:31.828 [main] INFO  o.s.b.t.context.SpringBootTestContextBootstrapper - Loaded default TestExecutionListener class names from location [META-INF/spring.factories]: [org.springframework.boot.test.mock.mockito.MockitoTestExecutionListener, org.springframework.boot.test.mock.mockito.ResetMocksTestExecutionListener, org.springframework.boot.test.autoconfigure.restdocs.RestDocsTestExecutionListener, org.springframework.boot.test.autoconfigure.web.client.MockRestServiceServerResetTestExecutionListener, org.springframework.boot.test.autoconfigure.web.servlet.MockMvcPrintOnlyOnFailureTestExecutionListener, org.springframework.boot.test.autoconfigure.web.servlet.WebDriverTestExecutionListener, org.springframework.boot.test.autoconfigure.webservices.client.MockWebServiceServerTestExecutionListener, org.springframework.test.context.web.ServletTestExecutionListener, org.springframework.test.context.support.DirtiesContextBeforeModesTestExecutionListener, org.springframework.test.context.event.ApplicationEventsTestExecutionListener, org.springframework.test.context.support.DependencyInjectionTestExecutionListener, org.springframework.test.context.support.DirtiesContextTestExecutionListener, org.springframework.test.context.transaction.TransactionalTestExecutionListener, org.springframework.test.context.jdbc.SqlScriptsTestExecutionListener, org.springframework.test.context.event.EventPublishingTestExecutionListener]
2022-01-27 23:01:31.842 [main] INFO  o.s.b.t.context.SpringBootTestContextBootstrapper - Using TestExecutionListeners: [org.springframework.test.context.web.ServletTestExecutionListener@18317edc, org.springframework.test.context.support.DirtiesContextBeforeModesTestExecutionListener@4e0ae11f, org.springframework.test.context.event.ApplicationEventsTestExecutionListener@238d68ff, org.springframework.boot.test.mock.mockito.MockitoTestExecutionListener@4b86805d, org.springframework.boot.test.autoconfigure.SpringBootDependencyInjectionTestExecutionListener@5852c06f, org.springframework.test.context.support.DirtiesContextTestExecutionListener@4149c063, org.springframework.test.context.transaction.TransactionalTestExecutionListener@9cb8225, org.springframework.test.context.jdbc.SqlScriptsTestExecutionListener@76b07f29, org.springframework.test.context.event.EventPublishingTestExecutionListener@38af9828, org.springframework.boot.test.mock.mockito.ResetMocksTestExecutionListener@376a0d86, org.springframework.boot.test.autoconfigure.restdocs.RestDocsTestExecutionListener@62656be4, org.springframework.boot.test.autoconfigure.web.client.MockRestServiceServerResetTestExecutionListener@17d919b6, org.springframework.boot.test.autoconfigure.web.servlet.MockMvcPrintOnlyOnFailureTestExecutionListener@53f3bdbd, org.springframework.boot.test.autoconfigure.web.servlet.WebDriverTestExecutionListener@34129c78, org.springframework.boot.test.autoconfigure.webservices.client.MockWebServiceServerTestExecutionListener@7d61eb55]
2022-01-27 23:01:32.104 [main] INFO  com.rock.HelloApplicationTests - Starting HelloApplicationTests using Java 1.8.0_151 on Rocks-MacBook-Pro.local with PID 21958 (started by rock in /Users/rock/github/springboot_project/hello)
2022-01-27 23:01:32.105 [main] INFO  com.rock.HelloApplicationTests - No active profile set, falling back to default profiles: default
2022-01-27 23:01:32.793 [main] INFO  c.a.d.s.b.a.DruidDataSourceAutoConfigure - Init DruidDataSource
2022-01-27 23:01:33.011 [main] INFO  com.alibaba.druid.pool.DruidDataSource - {dataSource-1} inited
2022-01-27 23:01:33.586 [main] INFO  o.s.scheduling.concurrent.ThreadPoolTaskExecutor - Initializing ExecutorService 'applicationTaskExecutor'
2022-01-27 23:01:34.000 [main] INFO  com.rock.HelloApplicationTests - Started HelloApplicationTests in 2.124 seconds (JVM running for 2.963)
2022-01-27 23:01:39.281 [main] DEBUG com.rock.mapper.TaskInstanceMapper.findAll_COUNT - ==>  Preparing: SELECT count(0) FROM task_instance
2022-01-27 23:01:39.304 [main] DEBUG com.rock.mapper.TaskInstanceMapper.findAll_COUNT - ==> Parameters: 
2022-01-27 23:01:39.931 [main] DEBUG com.rock.mapper.TaskInstanceMapper.findAll_COUNT - <==      Total: 1
2022-01-27 23:01:39.936 [main] DEBUG com.rock.mapper.TaskInstanceMapper.findAll - ==>  Preparing: select * from task_instance LIMIT ?, ?
2022-01-27 23:01:39.937 [main] DEBUG com.rock.mapper.TaskInstanceMapper.findAll - ==> Parameters: 1(Long), 1(Integer)
2022-01-27 23:01:40.165 [main] DEBUG com.rock.mapper.TaskInstanceMapper.findAll - <==      Total: 1
2022-01-27 23:01:40.621 [SpringContextShutdownHook] INFO  o.s.scheduling.concurrent.ThreadPoolTaskExecutor - Shutting down ExecutorService 'applicationTaskExecutor'
2022-01-27 23:01:40.631 [SpringContextShutdownHook] INFO  com.alibaba.druid.pool.DruidDataSource - {dataSource-1} closed
2022-01-27 23:20:19.548 [main] INFO  o.s.b.t.context.SpringBootTestContextBootstrapper - Neither @ContextConfiguration nor @ContextHierarchy found for test class [com.rock.HelloApplicationTests], using SpringBootContextLoader
2022-01-27 23:20:19.551 [main] INFO  o.s.test.context.support.AbstractContextLoader - Could not detect default resource locations for test class [com.rock.HelloApplicationTests]: no resource found for suffixes {-context.xml, Context.groovy}.
2022-01-27 23:20:19.674 [main] INFO  o.s.b.t.context.SpringBootTestContextBootstrapper - Loaded default TestExecutionListener class names from location [META-INF/spring.factories]: [org.springframework.boot.test.mock.mockito.MockitoTestExecutionListener, org.springframework.boot.test.mock.mockito.ResetMocksTestExecutionListener, org.springframework.boot.test.autoconfigure.restdocs.RestDocsTestExecutionListener, org.springframework.boot.test.autoconfigure.web.client.MockRestServiceServerResetTestExecutionListener, org.springframework.boot.test.autoconfigure.web.servlet.MockMvcPrintOnlyOnFailureTestExecutionListener, org.springframework.boot.test.autoconfigure.web.servlet.WebDriverTestExecutionListener, org.springframework.boot.test.autoconfigure.webservices.client.MockWebServiceServerTestExecutionListener, org.springframework.test.context.web.ServletTestExecutionListener, org.springframework.test.context.support.DirtiesContextBeforeModesTestExecutionListener, org.springframework.test.context.event.ApplicationEventsTestExecutionListener, org.springframework.test.context.support.DependencyInjectionTestExecutionListener, org.springframework.test.context.support.DirtiesContextTestExecutionListener, org.springframework.test.context.transaction.TransactionalTestExecutionListener, org.springframework.test.context.jdbc.SqlScriptsTestExecutionListener, org.springframework.test.context.event.EventPublishingTestExecutionListener]
2022-01-27 23:20:19.685 [main] INFO  o.s.b.t.context.SpringBootTestContextBootstrapper - Using TestExecutionListeners: [org.springframework.test.context.web.ServletTestExecutionListener@5276d6ee, org.springframework.test.context.support.DirtiesContextBeforeModesTestExecutionListener@71687585, org.springframework.test.context.event.ApplicationEventsTestExecutionListener@1807f5a7, org.springframework.boot.test.mock.mockito.MockitoTestExecutionListener@1b919693, org.springframework.boot.test.autoconfigure.SpringBootDependencyInjectionTestExecutionListener@7fb4f2a9, org.springframework.test.context.support.DirtiesContextTestExecutionListener@4dc27487, org.springframework.test.context.transaction.TransactionalTestExecutionListener@6a4f1a55, org.springframework.test.context.jdbc.SqlScriptsTestExecutionListener@7dfd3c81, org.springframework.test.context.event.EventPublishingTestExecutionListener@2584b82d, org.springframework.boot.test.mock.mockito.ResetMocksTestExecutionListener@7bbc8656, org.springframework.boot.test.autoconfigure.restdocs.RestDocsTestExecutionListener@6933b6c6, org.springframework.boot.test.autoconfigure.web.client.MockRestServiceServerResetTestExecutionListener@7d3e8655, org.springframework.boot.test.autoconfigure.web.servlet.MockMvcPrintOnlyOnFailureTestExecutionListener@7dfb0c0f, org.springframework.boot.test.autoconfigure.web.servlet.WebDriverTestExecutionListener@626abbd0, org.springframework.boot.test.autoconfigure.webservices.client.MockWebServiceServerTestExecutionListener@169bb4dd]
2022-01-27 23:20:19.926 [main] INFO  com.rock.HelloApplicationTests - Starting HelloApplicationTests using Java 1.8.0_151 on Rocks-MacBook-Pro.local with PID 22015 (started by rock in /Users/rock/github/springboot_project/hello)
2022-01-27 23:20:19.928 [main] INFO  com.rock.HelloApplicationTests - No active profile set, falling back to default profiles: default
2022-01-27 23:20:20.663 [main] INFO  c.a.d.s.b.a.DruidDataSourceAutoConfigure - Init DruidDataSource
2022-01-27 23:20:20.858 [main] INFO  com.alibaba.druid.pool.DruidDataSource - {dataSource-1} inited
2022-01-27 23:20:21.444 [main] INFO  o.s.scheduling.concurrent.ThreadPoolTaskExecutor - Initializing ExecutorService 'applicationTaskExecutor'
2022-01-27 23:20:21.861 [main] INFO  com.rock.HelloApplicationTests - Started HelloApplicationTests in 2.144 seconds (JVM running for 2.876)
2022-01-27 23:20:27.769 [main] DEBUG com.rock.mapper.TaskInstanceMapper.findAll_COUNT - ==>  Preparing: SELECT count(0) FROM task_instance
2022-01-27 23:20:27.792 [main] DEBUG com.rock.mapper.TaskInstanceMapper.findAll_COUNT - ==> Parameters: 
2022-01-27 23:20:29.671 [main] DEBUG com.rock.mapper.TaskInstanceMapper.findAll_COUNT - <==      Total: 1
2022-01-27 23:20:29.676 [main] DEBUG com.rock.mapper.TaskInstanceMapper.findAll - ==>  Preparing: select * from task_instance LIMIT ?, ?
2022-01-27 23:20:29.678 [main] DEBUG com.rock.mapper.TaskInstanceMapper.findAll - ==> Parameters: 1(Long), 1(Integer)
2022-01-27 23:20:29.918 [main] DEBUG com.rock.mapper.TaskInstanceMapper.findAll - <==      Total: 1
2022-01-27 23:20:30.371 [SpringContextShutdownHook] INFO  o.s.scheduling.concurrent.ThreadPoolTaskExecutor - Shutting down ExecutorService 'applicationTaskExecutor'
2022-01-27 23:20:30.379 [SpringContextShutdownHook] INFO  com.alibaba.druid.pool.DruidDataSource - {dataSource-1} closed
2022-01-27 23:21:04.550 [main] INFO  o.s.b.t.context.SpringBootTestContextBootstrapper - Neither @ContextConfiguration nor @ContextHierarchy found for test class [com.rock.HelloApplicationTests], using SpringBootContextLoader
2022-01-27 23:21:04.554 [main] INFO  o.s.test.context.support.AbstractContextLoader - Could not detect default resource locations for test class [com.rock.HelloApplicationTests]: no resource found for suffixes {-context.xml, Context.groovy}.
2022-01-27 23:21:04.679 [main] INFO  o.s.b.t.context.SpringBootTestContextBootstrapper - Loaded default TestExecutionListener class names from location [META-INF/spring.factories]: [org.springframework.boot.test.mock.mockito.MockitoTestExecutionListener, org.springframework.boot.test.mock.mockito.ResetMocksTestExecutionListener, org.springframework.boot.test.autoconfigure.restdocs.RestDocsTestExecutionListener, org.springframework.boot.test.autoconfigure.web.client.MockRestServiceServerResetTestExecutionListener, org.springframework.boot.test.autoconfigure.web.servlet.MockMvcPrintOnlyOnFailureTestExecutionListener, org.springframework.boot.test.autoconfigure.web.servlet.WebDriverTestExecutionListener, org.springframework.boot.test.autoconfigure.webservices.client.MockWebServiceServerTestExecutionListener, org.springframework.test.context.web.ServletTestExecutionListener, org.springframework.test.context.support.DirtiesContextBeforeModesTestExecutionListener, org.springframework.test.context.event.ApplicationEventsTestExecutionListener, org.springframework.test.context.support.DependencyInjectionTestExecutionListener, org.springframework.test.context.support.DirtiesContextTestExecutionListener, org.springframework.test.context.transaction.TransactionalTestExecutionListener, org.springframework.test.context.jdbc.SqlScriptsTestExecutionListener, org.springframework.test.context.event.EventPublishingTestExecutionListener]
2022-01-27 23:21:04.690 [main] INFO  o.s.b.t.context.SpringBootTestContextBootstrapper - Using TestExecutionListeners: [org.springframework.test.context.web.ServletTestExecutionListener@5276d6ee, org.springframework.test.context.support.DirtiesContextBeforeModesTestExecutionListener@71687585, org.springframework.test.context.event.ApplicationEventsTestExecutionListener@1807f5a7, org.springframework.boot.test.mock.mockito.MockitoTestExecutionListener@1b919693, org.springframework.boot.test.autoconfigure.SpringBootDependencyInjectionTestExecutionListener@7fb4f2a9, org.springframework.test.context.support.DirtiesContextTestExecutionListener@4dc27487, org.springframework.test.context.transaction.TransactionalTestExecutionListener@6a4f1a55, org.springframework.test.context.jdbc.SqlScriptsTestExecutionListener@7dfd3c81, org.springframework.test.context.event.EventPublishingTestExecutionListener@2584b82d, org.springframework.boot.test.mock.mockito.ResetMocksTestExecutionListener@7bbc8656, org.springframework.boot.test.autoconfigure.restdocs.RestDocsTestExecutionListener@6933b6c6, org.springframework.boot.test.autoconfigure.web.client.MockRestServiceServerResetTestExecutionListener@7d3e8655, org.springframework.boot.test.autoconfigure.web.servlet.MockMvcPrintOnlyOnFailureTestExecutionListener@7dfb0c0f, org.springframework.boot.test.autoconfigure.web.servlet.WebDriverTestExecutionListener@626abbd0, org.springframework.boot.test.autoconfigure.webservices.client.MockWebServiceServerTestExecutionListener@169bb4dd]
2022-01-27 23:21:04.933 [main] INFO  com.rock.HelloApplicationTests - Starting HelloApplicationTests using Java 1.8.0_151 on Rocks-MacBook-Pro.local with PID 22026 (started by rock in /Users/rock/github/springboot_project/hello)
2022-01-27 23:21:04.935 [main] INFO  com.rock.HelloApplicationTests - No active profile set, falling back to default profiles: default
2022-01-27 23:21:05.668 [main] INFO  c.a.d.s.b.a.DruidDataSourceAutoConfigure - Init DruidDataSource
2022-01-27 23:21:05.867 [main] INFO  com.alibaba.druid.pool.DruidDataSource - {dataSource-1} inited
2022-01-27 23:21:06.481 [main] INFO  o.s.scheduling.concurrent.ThreadPoolTaskExecutor - Initializing ExecutorService 'applicationTaskExecutor'
2022-01-27 23:21:06.927 [main] INFO  com.rock.HelloApplicationTests - Started HelloApplicationTests in 2.207 seconds (JVM running for 2.937)
2022-01-27 23:21:12.430 [main] DEBUG com.rock.mapper.TaskInstanceMapper.findAll_COUNT - ==>  Preparing: SELECT count(0) FROM task_instance
2022-01-27 23:21:12.454 [main] DEBUG com.rock.mapper.TaskInstanceMapper.findAll_COUNT - ==> Parameters: 
2022-01-27 23:21:14.389 [main] DEBUG com.rock.mapper.TaskInstanceMapper.findAll_COUNT - <==      Total: 1
2022-01-27 23:21:14.394 [main] DEBUG com.rock.mapper.TaskInstanceMapper.findAll - ==>  Preparing: select * from task_instance LIMIT ?, ?
2022-01-27 23:21:14.395 [main] DEBUG com.rock.mapper.TaskInstanceMapper.findAll - ==> Parameters: 1(Long), 1(Integer)
2022-01-27 23:21:14.638 [main] DEBUG com.rock.mapper.TaskInstanceMapper.findAll - <==      Total: 1
2022-01-27 23:21:15.103 [SpringContextShutdownHook] INFO  o.s.scheduling.concurrent.ThreadPoolTaskExecutor - Shutting down ExecutorService 'applicationTaskExecutor'
2022-01-27 23:21:15.112 [SpringContextShutdownHook] INFO  com.alibaba.druid.pool.DruidDataSource - {dataSource-1} closed
2022-01-27 23:21:31.069 [main] INFO  o.s.b.t.context.SpringBootTestContextBootstrapper - Neither @ContextConfiguration nor @ContextHierarchy found for test class [com.rock.HelloApplicationTests], using SpringBootContextLoader
2022-01-27 23:21:31.073 [main] INFO  o.s.test.context.support.AbstractContextLoader - Could not detect default resource locations for test class [com.rock.HelloApplicationTests]: no resource found for suffixes {-context.xml, Context.groovy}.
2022-01-27 23:21:31.198 [main] INFO  o.s.b.t.context.SpringBootTestContextBootstrapper - Loaded default TestExecutionListener class names from location [META-INF/spring.factories]: [org.springframework.boot.test.mock.mockito.MockitoTestExecutionListener, org.springframework.boot.test.mock.mockito.ResetMocksTestExecutionListener, org.springframework.boot.test.autoconfigure.restdocs.RestDocsTestExecutionListener, org.springframework.boot.test.autoconfigure.web.client.MockRestServiceServerResetTestExecutionListener, org.springframework.boot.test.autoconfigure.web.servlet.MockMvcPrintOnlyOnFailureTestExecutionListener, org.springframework.boot.test.autoconfigure.web.servlet.WebDriverTestExecutionListener, org.springframework.boot.test.autoconfigure.webservices.client.MockWebServiceServerTestExecutionListener, org.springframework.test.context.web.ServletTestExecutionListener, org.springframework.test.context.support.DirtiesContextBeforeModesTestExecutionListener, org.springframework.test.context.event.ApplicationEventsTestExecutionListener, org.springframework.test.context.support.DependencyInjectionTestExecutionListener, org.springframework.test.context.support.DirtiesContextTestExecutionListener, org.springframework.test.context.transaction.TransactionalTestExecutionListener, org.springframework.test.context.jdbc.SqlScriptsTestExecutionListener, org.springframework.test.context.event.EventPublishingTestExecutionListener]
2022-01-27 23:21:31.209 [main] INFO  o.s.b.t.context.SpringBootTestContextBootstrapper - Using TestExecutionListeners: [org.springframework.test.context.web.ServletTestExecutionListener@5276d6ee, org.springframework.test.context.support.DirtiesContextBeforeModesTestExecutionListener@71687585, org.springframework.test.context.event.ApplicationEventsTestExecutionListener@1807f5a7, org.springframework.boot.test.mock.mockito.MockitoTestExecutionListener@1b919693, org.springframework.boot.test.autoconfigure.SpringBootDependencyInjectionTestExecutionListener@7fb4f2a9, org.springframework.test.context.support.DirtiesContextTestExecutionListener@4dc27487, org.springframework.test.context.transaction.TransactionalTestExecutionListener@6a4f1a55, org.springframework.test.context.jdbc.SqlScriptsTestExecutionListener@7dfd3c81, org.springframework.test.context.event.EventPublishingTestExecutionListener@2584b82d, org.springframework.boot.test.mock.mockito.ResetMocksTestExecutionListener@7bbc8656, org.springframework.boot.test.autoconfigure.restdocs.RestDocsTestExecutionListener@6933b6c6, org.springframework.boot.test.autoconfigure.web.client.MockRestServiceServerResetTestExecutionListener@7d3e8655, org.springframework.boot.test.autoconfigure.web.servlet.MockMvcPrintOnlyOnFailureTestExecutionListener@7dfb0c0f, org.springframework.boot.test.autoconfigure.web.servlet.WebDriverTestExecutionListener@626abbd0, org.springframework.boot.test.autoconfigure.webservices.client.MockWebServiceServerTestExecutionListener@169bb4dd]
2022-01-27 23:21:31.451 [main] INFO  com.rock.HelloApplicationTests - Starting HelloApplicationTests using Java 1.8.0_151 on Rocks-MacBook-Pro.local with PID 22038 (started by rock in /Users/rock/github/springboot_project/hello)
2022-01-27 23:21:31.453 [main] INFO  com.rock.HelloApplicationTests - No active profile set, falling back to default profiles: default
2022-01-27 23:21:32.167 [main] INFO  c.a.d.s.b.a.DruidDataSourceAutoConfigure - Init DruidDataSource
2022-01-27 23:21:32.370 [main] INFO  com.alibaba.druid.pool.DruidDataSource - {dataSource-1} inited
2022-01-27 23:21:32.971 [main] INFO  o.s.scheduling.concurrent.ThreadPoolTaskExecutor - Initializing ExecutorService 'applicationTaskExecutor'
2022-01-27 23:21:33.407 [main] INFO  com.rock.HelloApplicationTests - Started HelloApplicationTests in 2.168 seconds (JVM running for 2.914)
2022-01-27 23:21:38.673 [main] DEBUG com.rock.mapper.TaskInstanceMapper.findAll_COUNT - ==>  Preparing: SELECT count(0) FROM task_instance
2022-01-27 23:21:38.696 [main] DEBUG com.rock.mapper.TaskInstanceMapper.findAll_COUNT - ==> Parameters: 
2022-01-27 23:21:40.287 [main] DEBUG com.rock.mapper.TaskInstanceMapper.findAll_COUNT - <==      Total: 1
2022-01-27 23:21:40.292 [main] DEBUG com.rock.mapper.TaskInstanceMapper.findAll - ==>  Preparing: select * from task_instance LIMIT ?, ?
2022-01-27 23:21:40.293 [main] DEBUG com.rock.mapper.TaskInstanceMapper.findAll - ==> Parameters: 1(Long), 1(Integer)
2022-01-27 23:21:40.521 [main] DEBUG com.rock.mapper.TaskInstanceMapper.findAll - <==      Total: 1
2022-01-27 23:21:41.249 [SpringContextShutdownHook] INFO  o.s.scheduling.concurrent.ThreadPoolTaskExecutor - Shutting down ExecutorService 'applicationTaskExecutor'
2022-01-27 23:21:41.259 [SpringContextShutdownHook] INFO  com.alibaba.druid.pool.DruidDataSource - {dataSource-1} closed
