2022-01-28 22:27:26.059 [main] INFO  com.rock.HelloApplication - Starting HelloApplication using Java 1.8.0_151 on Rocks-MacBook-Pro.local with PID 23754 (/Users/rock/github/springboot_project/hello/target/classes started by rock in /Users/rock/github/springboot_project)
2022-01-28 22:27:26.060 [main] INFO  com.rock.HelloApplication - No active profile set, falling back to default profiles: default
2022-01-28 22:27:26.659 [main] INFO  o.s.boot.web.embedded.tomcat.TomcatWebServer - Tomcat initialized with port(s): 8089 (http)
2022-01-28 22:27:26.664 [main] INFO  org.apache.coyote.http11.Http11NioProtocol - Initializing ProtocolHandler ["http-nio-8089"]
2022-01-28 22:27:26.664 [main] INFO  org.apache.catalina.core.StandardService - Starting service [Tomcat]
2022-01-28 22:27:26.665 [main] INFO  org.apache.catalina.core.StandardEngine - Starting Servlet engine: [Apache Tomcat/9.0.45]
2022-01-28 22:27:26.714 [main] INFO  o.a.c.c.C.[Tomcat].[localhost].[/hello] - Initializing Spring embedded WebApplicationContext
2022-01-28 22:27:26.714 [main] INFO  o.s.b.w.s.c.ServletWebServerApplicationContext - Root WebApplicationContext: initialization completed in 627 ms
2022-01-28 22:27:26.770 [main] INFO  c.a.d.s.b.a.DruidDataSourceAutoConfigure - Init DruidDataSource
2022-01-28 22:27:26.857 [main] INFO  com.alibaba.druid.pool.DruidDataSource - {dataSource-1} inited
2022-01-28 22:27:27.044 [main] INFO  o.s.scheduling.concurrent.ThreadPoolTaskExecutor - Initializing ExecutorService 'applicationTaskExecutor'
2022-01-28 22:27:27.209 [main] INFO  org.apache.coyote.http11.Http11NioProtocol - Starting ProtocolHandler ["http-nio-8089"]
2022-01-28 22:27:27.223 [main] INFO  o.s.boot.web.embedded.tomcat.TomcatWebServer - Tomcat started on port(s): 8089 (http) with context path '/hello'
2022-01-28 22:27:27.230 [main] INFO  com.rock.HelloApplication - Started HelloApplication in 1.402 seconds (JVM running for 1.794)
2022-01-28 22:27:45.250 [http-nio-8089-exec-1] INFO  o.a.c.c.C.[Tomcat].[localhost].[/hello] - Initializing Spring DispatcherServlet 'dispatcherServlet'
2022-01-28 22:27:45.251 [http-nio-8089-exec-1] INFO  org.springframework.web.servlet.DispatcherServlet - Initializing Servlet 'dispatcherServlet'
2022-01-28 22:27:45.252 [http-nio-8089-exec-1] INFO  org.springframework.web.servlet.DispatcherServlet - Completed initialization in 1 ms
2022-01-28 22:27:50.867 [http-nio-8089-exec-1] DEBUG com.rock.mapper.TaskInstanceMapper.findAll_COUNT - ==>  Preparing: SELECT count(0) FROM task_instance
2022-01-28 22:27:50.886 [http-nio-8089-exec-1] DEBUG com.rock.mapper.TaskInstanceMapper.findAll_COUNT - ==> Parameters: 
2022-01-28 22:27:52.524 [http-nio-8089-exec-1] DEBUG com.rock.mapper.TaskInstanceMapper.findAll_COUNT - <==      Total: 1
2022-01-28 22:27:52.527 [http-nio-8089-exec-1] DEBUG com.rock.mapper.TaskInstanceMapper.findAll - ==>  Preparing: select * from task_instance LIMIT ?, ?
2022-01-28 22:27:52.529 [http-nio-8089-exec-1] DEBUG com.rock.mapper.TaskInstanceMapper.findAll - ==> Parameters: 1(Long), 1(Integer)
2022-01-28 22:27:52.764 [http-nio-8089-exec-1] DEBUG com.rock.mapper.TaskInstanceMapper.findAll - <==      Total: 1
2022-01-28 22:29:53.399 [SpringContextShutdownHook] INFO  o.s.scheduling.concurrent.ThreadPoolTaskExecutor - Shutting down ExecutorService 'applicationTaskExecutor'
2022-01-28 22:29:53.404 [SpringContextShutdownHook] INFO  com.alibaba.druid.pool.DruidDataSource - {dataSource-1} closed
2022-01-28 22:35:37.685 [main] INFO  com.rock.HelloApplication - Starting HelloApplication using Java 1.8.0_151 on Rocks-MacBook-Pro.local with PID 23841 (/Users/rock/github/springboot_project/hello/target/classes started by rock in /Users/rock/github/springboot_project)
2022-01-28 22:35:37.687 [main] INFO  com.rock.HelloApplication - No active profile set, falling back to default profiles: default
2022-01-28 22:35:38.312 [main] INFO  o.s.boot.web.embedded.tomcat.TomcatWebServer - Tomcat initialized with port(s): 8089 (http)
2022-01-28 22:35:38.316 [main] INFO  org.apache.coyote.http11.Http11NioProtocol - Initializing ProtocolHandler ["http-nio-8089"]
2022-01-28 22:35:38.317 [main] INFO  org.apache.catalina.core.StandardService - Starting service [Tomcat]
2022-01-28 22:35:38.317 [main] INFO  org.apache.catalina.core.StandardEngine - Starting Servlet engine: [Apache Tomcat/9.0.45]
2022-01-28 22:35:38.356 [main] INFO  o.a.c.c.C.[Tomcat].[localhost].[/hello] - Initializing Spring embedded WebApplicationContext
2022-01-28 22:35:38.356 [main] INFO  o.s.b.w.s.c.ServletWebServerApplicationContext - Root WebApplicationContext: initialization completed in 641 ms
2022-01-28 22:35:38.409 [main] INFO  c.a.d.s.b.a.DruidDataSourceAutoConfigure - Init DruidDataSource
2022-01-28 22:35:38.488 [main] INFO  com.alibaba.druid.pool.DruidDataSource - {dataSource-1} inited
2022-01-28 22:35:38.665 [main] INFO  o.s.scheduling.concurrent.ThreadPoolTaskExecutor - Initializing ExecutorService 'applicationTaskExecutor'
2022-01-28 22:35:38.841 [main] INFO  org.apache.coyote.http11.Http11NioProtocol - Starting ProtocolHandler ["http-nio-8089"]
2022-01-28 22:35:38.856 [main] INFO  o.s.boot.web.embedded.tomcat.TomcatWebServer - Tomcat started on port(s): 8089 (http) with context path '/hello'
2022-01-28 22:35:38.863 [main] INFO  com.rock.HelloApplication - Started HelloApplication in 1.427 seconds (JVM running for 1.842)
2022-01-28 22:42:04.995 [SpringContextShutdownHook] INFO  o.s.scheduling.concurrent.ThreadPoolTaskExecutor - Shutting down ExecutorService 'applicationTaskExecutor'
2022-01-28 22:42:04.997 [SpringContextShutdownHook] INFO  com.alibaba.druid.pool.DruidDataSource - {dataSource-1} closed
2022-01-28 22:42:11.797 [main] INFO  com.rock.HelloApplication - Starting HelloApplication using Java 1.8.0_151 on Rocks-MacBook-Pro.local with PID 23882 (/Users/rock/github/springboot_project/hello/target/classes started by rock in /Users/rock/github/springboot_project)
2022-01-28 22:42:11.799 [main] INFO  com.rock.HelloApplication - No active profile set, falling back to default profiles: default
2022-01-28 22:42:12.385 [main] INFO  o.s.boot.web.embedded.tomcat.TomcatWebServer - Tomcat initialized with port(s): 8089 (http)
2022-01-28 22:42:12.389 [main] INFO  org.apache.coyote.http11.Http11NioProtocol - Initializing ProtocolHandler ["http-nio-8089"]
2022-01-28 22:42:12.390 [main] INFO  org.apache.catalina.core.StandardService - Starting service [Tomcat]
2022-01-28 22:42:12.390 [main] INFO  org.apache.catalina.core.StandardEngine - Starting Servlet engine: [Apache Tomcat/9.0.45]
2022-01-28 22:42:12.435 [main] INFO  o.a.c.c.C.[Tomcat].[localhost].[/hello] - Initializing Spring embedded WebApplicationContext
2022-01-28 22:42:12.436 [main] INFO  o.s.b.w.s.c.ServletWebServerApplicationContext - Root WebApplicationContext: initialization completed in 610 ms
2022-01-28 22:42:12.488 [main] INFO  c.a.d.s.b.a.DruidDataSourceAutoConfigure - Init DruidDataSource
2022-01-28 22:42:12.571 [main] INFO  com.alibaba.druid.pool.DruidDataSource - {dataSource-1} inited
2022-01-28 22:42:12.711 [main] INFO  o.s.scheduling.concurrent.ThreadPoolTaskExecutor - Initializing ExecutorService 'applicationTaskExecutor'
2022-01-28 22:42:12.853 [main] INFO  org.apache.coyote.http11.Http11NioProtocol - Starting ProtocolHandler ["http-nio-8089"]
2022-01-28 22:42:12.907 [main] INFO  o.s.boot.web.embedded.tomcat.TomcatWebServer - Tomcat started on port(s): 8089 (http) with context path '/hello'
2022-01-28 22:42:12.914 [main] INFO  com.rock.HelloApplication - Started HelloApplication in 1.351 seconds (JVM running for 1.749)
2022-01-28 22:42:22.552 [http-nio-8089-exec-1] INFO  o.a.c.c.C.[Tomcat].[localhost].[/hello] - Initializing Spring DispatcherServlet 'dispatcherServlet'
2022-01-28 22:42:22.552 [http-nio-8089-exec-1] INFO  org.springframework.web.servlet.DispatcherServlet - Initializing Servlet 'dispatcherServlet'
2022-01-28 22:42:22.553 [http-nio-8089-exec-1] INFO  org.springframework.web.servlet.DispatcherServlet - Completed initialization in 1 ms
2022-01-28 22:42:25.528 [http-nio-8089-exec-1] ERROR o.a.c.c.C.[.[.[/hello].[dispatcherServlet] - Servlet.service() for servlet [dispatcherServlet] in context with path [/hello] threw exception [Request processing failed; nested exception is org.apache.ibatis.binding.BindingException: Invalid bound statement (not found): com.rock.mapper.TaskInstanceMapper.findAll] with root cause
org.apache.ibatis.binding.BindingException: Invalid bound statement (not found): com.rock.mapper.TaskInstanceMapper.findAll
	at org.apache.ibatis.binding.MapperMethod$SqlCommand.<init>(MapperMethod.java:235)
	at org.apache.ibatis.binding.MapperMethod.<init>(MapperMethod.java:53)
	at org.apache.ibatis.binding.MapperProxy.lambda$cachedInvoker$0(MapperProxy.java:115)
	at java.util.concurrent.ConcurrentHashMap.computeIfAbsent(ConcurrentHashMap.java:1660)
	at org.apache.ibatis.binding.MapperProxy.cachedInvoker(MapperProxy.java:102)
	at org.apache.ibatis.binding.MapperProxy.invoke(MapperProxy.java:85)
	at com.sun.proxy.$Proxy54.findAll(Unknown Source)
	at com.rock.service.impl.TaskInstanceServiceImpl.findAll(TaskInstanceServiceImpl.java:29)
	at com.rock.service.impl.TaskInstanceServiceImpl$$FastClassBySpringCGLIB$$f17c1042.invoke(<generated>)
	at org.springframework.cglib.proxy.MethodProxy.invoke(MethodProxy.java:218)
	at org.springframework.aop.framework.CglibAopProxy$CglibMethodInvocation.invokeJoinpoint(CglibAopProxy.java:779)
	at org.springframework.aop.framework.ReflectiveMethodInvocation.proceed(ReflectiveMethodInvocation.java:163)
	at org.springframework.aop.framework.CglibAopProxy$CglibMethodInvocation.proceed(CglibAopProxy.java:750)
	at org.springframework.transaction.interceptor.TransactionInterceptor$1.proceedWithInvocation(TransactionInterceptor.java:123)
	at org.springframework.transaction.interceptor.TransactionAspectSupport.invokeWithinTransaction(TransactionAspectSupport.java:388)
	at org.springframework.transaction.interceptor.TransactionInterceptor.invoke(TransactionInterceptor.java:119)
	at org.springframework.aop.framework.ReflectiveMethodInvocation.proceed(ReflectiveMethodInvocation.java:186)
	at org.springframework.aop.framework.CglibAopProxy$CglibMethodInvocation.proceed(CglibAopProxy.java:750)
	at org.springframework.aop.framework.CglibAopProxy$DynamicAdvisedInterceptor.intercept(CglibAopProxy.java:692)
	at com.rock.service.impl.TaskInstanceServiceImpl$$EnhancerBySpringCGLIB$$57b80c38.findAll(<generated>)
	at com.rock.controller.TaskInstanceController.findAll(TaskInstanceController.java:29)
	at sun.reflect.NativeMethodAccessorImpl.invoke0(Native Method)
	at sun.reflect.NativeMethodAccessorImpl.invoke(NativeMethodAccessorImpl.java:62)
	at sun.reflect.DelegatingMethodAccessorImpl.invoke(DelegatingMethodAccessorImpl.java:43)
	at java.lang.reflect.Method.invoke(Method.java:498)
	at org.springframework.web.method.support.InvocableHandlerMethod.doInvoke(InvocableHandlerMethod.java:197)
	at org.springframework.web.method.support.InvocableHandlerMethod.invokeForRequest(InvocableHandlerMethod.java:141)
	at org.springframework.web.servlet.mvc.method.annotation.ServletInvocableHandlerMethod.invokeAndHandle(ServletInvocableHandlerMethod.java:106)
	at org.springframework.web.servlet.mvc.method.annotation.RequestMappingHandlerAdapter.invokeHandlerMethod(RequestMappingHandlerAdapter.java:894)
	at org.springframework.web.servlet.mvc.method.annotation.RequestMappingHandlerAdapter.handleInternal(RequestMappingHandlerAdapter.java:808)
	at org.springframework.web.servlet.mvc.method.AbstractHandlerMethodAdapter.handle(AbstractHandlerMethodAdapter.java:87)
	at org.springframework.web.servlet.DispatcherServlet.doDispatch(DispatcherServlet.java:1060)
	at org.springframework.web.servlet.DispatcherServlet.doService(DispatcherServlet.java:962)
	at org.springframework.web.servlet.FrameworkServlet.processRequest(FrameworkServlet.java:1006)
	at org.springframework.web.servlet.FrameworkServlet.doGet(FrameworkServlet.java:898)
	at javax.servlet.http.HttpServlet.service(HttpServlet.java:626)
	at org.springframework.web.servlet.FrameworkServlet.service(FrameworkServlet.java:883)
	at javax.servlet.http.HttpServlet.service(HttpServlet.java:733)
	at org.apache.catalina.core.ApplicationFilterChain.internalDoFilter(ApplicationFilterChain.java:227)
	at org.apache.catalina.core.ApplicationFilterChain.doFilter(ApplicationFilterChain.java:162)
	at org.apache.tomcat.websocket.server.WsFilter.doFilter(WsFilter.java:53)
	at org.apache.catalina.core.ApplicationFilterChain.internalDoFilter(ApplicationFilterChain.java:189)
	at org.apache.catalina.core.ApplicationFilterChain.doFilter(ApplicationFilterChain.java:162)
	at com.alibaba.druid.support.http.WebStatFilter.doFilter(WebStatFilter.java:123)
	at org.apache.catalina.core.ApplicationFilterChain.internalDoFilter(ApplicationFilterChain.java:189)
	at org.apache.catalina.core.ApplicationFilterChain.doFilter(ApplicationFilterChain.java:162)
	at org.springframework.web.filter.RequestContextFilter.doFilterInternal(RequestContextFilter.java:100)
	at org.springframework.web.filter.OncePerRequestFilter.doFilter(OncePerRequestFilter.java:119)
	at org.apache.catalina.core.ApplicationFilterChain.internalDoFilter(ApplicationFilterChain.java:189)
	at org.apache.catalina.core.ApplicationFilterChain.doFilter(ApplicationFilterChain.java:162)
	at org.springframework.web.filter.FormContentFilter.doFilterInternal(FormContentFilter.java:93)
	at org.springframework.web.filter.OncePerRequestFilter.doFilter(OncePerRequestFilter.java:119)
	at org.apache.catalina.core.ApplicationFilterChain.internalDoFilter(ApplicationFilterChain.java:189)
	at org.apache.catalina.core.ApplicationFilterChain.doFilter(ApplicationFilterChain.java:162)
	at org.springframework.web.filter.CharacterEncodingFilter.doFilterInternal(CharacterEncodingFilter.java:201)
	at org.springframework.web.filter.OncePerRequestFilter.doFilter(OncePerRequestFilter.java:119)
	at org.apache.catalina.core.ApplicationFilterChain.internalDoFilter(ApplicationFilterChain.java:189)
	at org.apache.catalina.core.ApplicationFilterChain.doFilter(ApplicationFilterChain.java:162)
	at org.apache.catalina.core.StandardWrapperValve.invoke(StandardWrapperValve.java:202)
	at org.apache.catalina.core.StandardContextValve.invoke(StandardContextValve.java:97)
	at org.apache.catalina.authenticator.AuthenticatorBase.invoke(AuthenticatorBase.java:542)
	at org.apache.catalina.core.StandardHostValve.invoke(StandardHostValve.java:143)
	at org.apache.catalina.valves.ErrorReportValve.invoke(ErrorReportValve.java:92)
	at org.apache.catalina.core.StandardEngineValve.invoke(StandardEngineValve.java:78)
	at org.apache.catalina.connector.CoyoteAdapter.service(CoyoteAdapter.java:357)
	at org.apache.coyote.http11.Http11Processor.service(Http11Processor.java:374)
	at org.apache.coyote.AbstractProcessorLight.process(AbstractProcessorLight.java:65)
	at org.apache.coyote.AbstractProtocol$ConnectionHandler.process(AbstractProtocol.java:893)
	at org.apache.tomcat.util.net.NioEndpoint$SocketProcessor.doRun(NioEndpoint.java:1707)
	at org.apache.tomcat.util.net.SocketProcessorBase.run(SocketProcessorBase.java:49)
	at java.util.concurrent.ThreadPoolExecutor.runWorker(ThreadPoolExecutor.java:1149)
	at java.util.concurrent.ThreadPoolExecutor$Worker.run(ThreadPoolExecutor.java:624)
	at org.apache.tomcat.util.threads.TaskThread$WrappingRunnable.run(TaskThread.java:61)
	at java.lang.Thread.run(Thread.java:748)
2022-01-28 22:43:40.920 [SpringContextShutdownHook] INFO  o.s.scheduling.concurrent.ThreadPoolTaskExecutor - Shutting down ExecutorService 'applicationTaskExecutor'
2022-01-28 22:43:40.925 [SpringContextShutdownHook] INFO  com.alibaba.druid.pool.DruidDataSource - {dataSource-1} closed
2022-01-28 22:43:46.139 [main] INFO  com.rock.HelloApplication - Starting HelloApplication using Java 1.8.0_151 on Rocks-MacBook-Pro.local with PID 23892 (/Users/rock/github/springboot_project/hello/target/classes started by rock in /Users/rock/github/springboot_project)
2022-01-28 22:43:46.141 [main] INFO  com.rock.HelloApplication - No active profile set, falling back to default profiles: default
2022-01-28 22:43:46.744 [main] INFO  o.s.boot.web.embedded.tomcat.TomcatWebServer - Tomcat initialized with port(s): 8089 (http)
2022-01-28 22:43:46.749 [main] INFO  org.apache.coyote.http11.Http11NioProtocol - Initializing ProtocolHandler ["http-nio-8089"]
2022-01-28 22:43:46.749 [main] INFO  org.apache.catalina.core.StandardService - Starting service [Tomcat]
2022-01-28 22:43:46.750 [main] INFO  org.apache.catalina.core.StandardEngine - Starting Servlet engine: [Apache Tomcat/9.0.45]
2022-01-28 22:43:46.796 [main] INFO  o.a.c.c.C.[Tomcat].[localhost].[/hello] - Initializing Spring embedded WebApplicationContext
2022-01-28 22:43:46.797 [main] INFO  o.s.b.w.s.c.ServletWebServerApplicationContext - Root WebApplicationContext: initialization completed in 628 ms
2022-01-28 22:43:46.851 [main] INFO  c.a.d.s.b.a.DruidDataSourceAutoConfigure - Init DruidDataSource
2022-01-28 22:43:46.937 [main] INFO  com.alibaba.druid.pool.DruidDataSource - {dataSource-1} inited
2022-01-28 22:43:47.118 [main] INFO  o.s.scheduling.concurrent.ThreadPoolTaskExecutor - Initializing ExecutorService 'applicationTaskExecutor'
2022-01-28 22:43:47.287 [main] INFO  org.apache.coyote.http11.Http11NioProtocol - Starting ProtocolHandler ["http-nio-8089"]
2022-01-28 22:43:47.302 [main] INFO  o.s.boot.web.embedded.tomcat.TomcatWebServer - Tomcat started on port(s): 8089 (http) with context path '/hello'
2022-01-28 22:43:47.309 [main] INFO  com.rock.HelloApplication - Started HelloApplication in 1.4 seconds (JVM running for 1.805)
2022-01-28 22:43:53.583 [http-nio-8089-exec-1] INFO  o.a.c.c.C.[Tomcat].[localhost].[/hello] - Initializing Spring DispatcherServlet 'dispatcherServlet'
2022-01-28 22:43:53.583 [http-nio-8089-exec-1] INFO  org.springframework.web.servlet.DispatcherServlet - Initializing Servlet 'dispatcherServlet'
2022-01-28 22:43:53.584 [http-nio-8089-exec-1] INFO  org.springframework.web.servlet.DispatcherServlet - Completed initialization in 1 ms
2022-01-28 22:44:11.799 [Druid-ConnectionPool-Create-1802029863] ERROR com.alibaba.druid.pool.DruidDataSource - create connection SQLException, url: jdbc:mysql://34.135.40.84:3306/analytics?useSSL=false&useUnicode=true&characterEncoding=UTF-8&serverTimezone=Asia/Shanghai&allowPublicKeyRetrieval=true, errorCode 0, state 08S01
com.mysql.cj.jdbc.exceptions.CommunicationsException: Communications link failure

The last packet sent successfully to the server was 0 milliseconds ago. The driver has not received any packets from the server.
	at com.mysql.cj.jdbc.exceptions.SQLError.createCommunicationsException(SQLError.java:174)
	at com.mysql.cj.jdbc.exceptions.SQLExceptionsMapping.translateException(SQLExceptionsMapping.java:64)
	at com.mysql.cj.jdbc.ConnectionImpl.createNewIO(ConnectionImpl.java:836)
	at com.mysql.cj.jdbc.ConnectionImpl.<init>(ConnectionImpl.java:456)
	at com.mysql.cj.jdbc.ConnectionImpl.getInstance(ConnectionImpl.java:246)
	at com.mysql.cj.jdbc.NonRegisteringDriver.connect(NonRegisteringDriver.java:197)
	at com.alibaba.druid.filter.FilterChainImpl.connection_connect(FilterChainImpl.java:156)
	at com.alibaba.druid.filter.stat.StatFilter.connection_connect(StatFilter.java:218)
	at com.alibaba.druid.filter.FilterChainImpl.connection_connect(FilterChainImpl.java:150)
	at com.alibaba.druid.pool.DruidAbstractDataSource.createPhysicalConnection(DruidAbstractDataSource.java:1560)
	at com.alibaba.druid.pool.DruidAbstractDataSource.createPhysicalConnection(DruidAbstractDataSource.java:1623)
	at com.alibaba.druid.pool.DruidDataSource$CreateConnectionThread.run(DruidDataSource.java:2468)
Caused by: com.mysql.cj.exceptions.CJCommunicationsException: Communications link failure

The last packet sent successfully to the server was 0 milliseconds ago. The driver has not received any packets from the server.
	at sun.reflect.NativeConstructorAccessorImpl.newInstance0(Native Method)
	at sun.reflect.NativeConstructorAccessorImpl.newInstance(NativeConstructorAccessorImpl.java:62)
	at sun.reflect.DelegatingConstructorAccessorImpl.newInstance(DelegatingConstructorAccessorImpl.java:45)
	at java.lang.reflect.Constructor.newInstance(Constructor.java:423)
	at com.mysql.cj.exceptions.ExceptionFactory.createException(ExceptionFactory.java:61)
	at com.mysql.cj.exceptions.ExceptionFactory.createException(ExceptionFactory.java:105)
	at com.mysql.cj.exceptions.ExceptionFactory.createException(ExceptionFactory.java:151)
	at com.mysql.cj.exceptions.ExceptionFactory.createCommunicationsException(ExceptionFactory.java:167)
	at com.mysql.cj.protocol.a.NativeProtocol.readMessage(NativeProtocol.java:538)
	at com.mysql.cj.protocol.a.NativeProtocol.readServerCapabilities(NativeProtocol.java:490)
	at com.mysql.cj.protocol.a.NativeProtocol.beforeHandshake(NativeProtocol.java:377)
	at com.mysql.cj.protocol.a.NativeProtocol.connect(NativeProtocol.java:1340)
	at com.mysql.cj.NativeSession.connect(NativeSession.java:157)
	at com.mysql.cj.jdbc.ConnectionImpl.connectOneTryOnly(ConnectionImpl.java:956)
	at com.mysql.cj.jdbc.ConnectionImpl.createNewIO(ConnectionImpl.java:826)
	... 9 common frames omitted
Caused by: java.io.EOFException: Can not read response from server. Expected to read 4 bytes, read 0 bytes before connection was unexpectedly lost.
	at com.mysql.cj.protocol.FullReadInputStream.readFully(FullReadInputStream.java:67)
	at com.mysql.cj.protocol.a.SimplePacketReader.readHeader(SimplePacketReader.java:63)
	at com.mysql.cj.protocol.a.SimplePacketReader.readHeader(SimplePacketReader.java:45)
	at com.mysql.cj.protocol.a.NativeProtocol.readMessage(NativeProtocol.java:532)
	... 15 common frames omitted
2022-01-28 22:44:25.144 [http-nio-8089-exec-1] DEBUG com.rock.mapper.TaskInstanceMapper.findAll_COUNT - ==>  Preparing: SELECT count(0) FROM task_instance
2022-01-28 22:44:25.161 [http-nio-8089-exec-1] DEBUG com.rock.mapper.TaskInstanceMapper.findAll_COUNT - ==> Parameters: 
2022-01-28 22:44:26.289 [http-nio-8089-exec-1] DEBUG com.rock.mapper.TaskInstanceMapper.findAll_COUNT - <==      Total: 1
2022-01-28 22:44:26.292 [http-nio-8089-exec-1] DEBUG com.rock.mapper.TaskInstanceMapper.findAll - ==>  Preparing: select * from task_instance LIMIT ?, ?
2022-01-28 22:44:26.294 [http-nio-8089-exec-1] DEBUG com.rock.mapper.TaskInstanceMapper.findAll - ==> Parameters: 1(Long), 1(Integer)
2022-01-28 22:44:26.529 [http-nio-8089-exec-1] DEBUG com.rock.mapper.TaskInstanceMapper.findAll - <==      Total: 1
2022-01-28 22:45:03.296 [SpringContextShutdownHook] INFO  o.s.scheduling.concurrent.ThreadPoolTaskExecutor - Shutting down ExecutorService 'applicationTaskExecutor'
2022-01-28 22:45:03.299 [SpringContextShutdownHook] INFO  com.alibaba.druid.pool.DruidDataSource - {dataSource-1} closed
2022-01-28 22:46:04.329 [main] INFO  com.rock.HelloApplication - Starting HelloApplication using Java 1.8.0_151 on Rocks-MacBook-Pro.local with PID 23923 (/Users/rock/github/springboot_project/hello/target/classes started by rock in /Users/rock/github/springboot_project)
2022-01-28 22:46:04.331 [main] INFO  com.rock.HelloApplication - No active profile set, falling back to default profiles: default
2022-01-28 22:46:04.947 [main] INFO  o.s.boot.web.embedded.tomcat.TomcatWebServer - Tomcat initialized with port(s): 8089 (http)
2022-01-28 22:46:04.952 [main] INFO  org.apache.coyote.http11.Http11NioProtocol - Initializing ProtocolHandler ["http-nio-8089"]
2022-01-28 22:46:04.952 [main] INFO  org.apache.catalina.core.StandardService - Starting service [Tomcat]
2022-01-28 22:46:04.953 [main] INFO  org.apache.catalina.core.StandardEngine - Starting Servlet engine: [Apache Tomcat/9.0.45]
2022-01-28 22:46:04.989 [main] INFO  o.a.c.c.C.[Tomcat].[localhost].[/hello] - Initializing Spring embedded WebApplicationContext
2022-01-28 22:46:04.989 [main] INFO  o.s.b.w.s.c.ServletWebServerApplicationContext - Root WebApplicationContext: initialization completed in 629 ms
2022-01-28 22:46:05.043 [main] INFO  c.a.d.s.b.a.DruidDataSourceAutoConfigure - Init DruidDataSource
2022-01-28 22:46:05.127 [main] INFO  com.alibaba.druid.pool.DruidDataSource - {dataSource-1} inited
2022-01-28 22:46:05.308 [main] INFO  o.s.scheduling.concurrent.ThreadPoolTaskExecutor - Initializing ExecutorService 'applicationTaskExecutor'
2022-01-28 22:46:05.481 [main] INFO  org.apache.coyote.http11.Http11NioProtocol - Starting ProtocolHandler ["http-nio-8089"]
2022-01-28 22:46:05.498 [main] INFO  o.s.boot.web.embedded.tomcat.TomcatWebServer - Tomcat started on port(s): 8089 (http) with context path '/hello'
2022-01-28 22:46:05.506 [main] INFO  com.rock.HelloApplication - Started HelloApplication in 1.414 seconds (JVM running for 1.819)
2022-01-28 22:46:23.034 [http-nio-8089-exec-1] INFO  o.a.c.c.C.[Tomcat].[localhost].[/hello] - Initializing Spring DispatcherServlet 'dispatcherServlet'
2022-01-28 22:46:23.034 [http-nio-8089-exec-1] INFO  org.springframework.web.servlet.DispatcherServlet - Initializing Servlet 'dispatcherServlet'
2022-01-28 22:46:23.035 [http-nio-8089-exec-1] INFO  org.springframework.web.servlet.DispatcherServlet - Completed initialization in 1 ms
2022-01-28 22:46:31.049 [http-nio-8089-exec-1] DEBUG com.rock.mapper.TaskInstanceMapper.findAll_COUNT - ==>  Preparing: SELECT count(0) FROM task_instance
2022-01-28 22:46:31.067 [http-nio-8089-exec-1] DEBUG com.rock.mapper.TaskInstanceMapper.findAll_COUNT - ==> Parameters: 
2022-01-28 22:46:32.767 [http-nio-8089-exec-1] DEBUG com.rock.mapper.TaskInstanceMapper.findAll_COUNT - <==      Total: 1
2022-01-28 22:46:32.770 [http-nio-8089-exec-1] DEBUG com.rock.mapper.TaskInstanceMapper.findAll - ==>  Preparing: select * from task_instance LIMIT ?, ?
2022-01-28 22:46:32.771 [http-nio-8089-exec-1] DEBUG com.rock.mapper.TaskInstanceMapper.findAll - ==> Parameters: 1(Long), 1(Integer)
2022-01-28 22:46:33.039 [http-nio-8089-exec-1] DEBUG com.rock.mapper.TaskInstanceMapper.findAll - <==      Total: 1
2022-01-28 22:50:14.528 [SpringContextShutdownHook] INFO  o.s.scheduling.concurrent.ThreadPoolTaskExecutor - Shutting down ExecutorService 'applicationTaskExecutor'
2022-01-28 22:50:14.536 [SpringContextShutdownHook] INFO  com.alibaba.druid.pool.DruidDataSource - {dataSource-1} closed
2022-01-28 22:50:20.354 [main] INFO  com.rock.HelloApplication - Starting HelloApplication using Java 1.8.0_151 on Rocks-MacBook-Pro.local with PID 23935 (/Users/rock/github/springboot_project/hello/target/classes started by rock in /Users/rock/github/springboot_project)
2022-01-28 22:50:20.356 [main] INFO  com.rock.HelloApplication - No active profile set, falling back to default profiles: default
2022-01-28 22:50:20.932 [main] INFO  o.s.boot.web.embedded.tomcat.TomcatWebServer - Tomcat initialized with port(s): 8089 (http)
2022-01-28 22:50:20.936 [main] INFO  org.apache.coyote.http11.Http11NioProtocol - Initializing ProtocolHandler ["http-nio-8089"]
2022-01-28 22:50:20.936 [main] INFO  org.apache.catalina.core.StandardService - Starting service [Tomcat]
2022-01-28 22:50:20.936 [main] INFO  org.apache.catalina.core.StandardEngine - Starting Servlet engine: [Apache Tomcat/9.0.45]
2022-01-28 22:50:20.970 [main] INFO  o.a.c.c.C.[Tomcat].[localhost].[/hello] - Initializing Spring embedded WebApplicationContext
2022-01-28 22:50:20.971 [main] INFO  o.s.b.w.s.c.ServletWebServerApplicationContext - Root WebApplicationContext: initialization completed in 588 ms
2022-01-28 22:50:21.019 [main] INFO  c.a.d.s.b.a.DruidDataSourceAutoConfigure - Init DruidDataSource
2022-01-28 22:50:21.099 [main] INFO  com.alibaba.druid.pool.DruidDataSource - {dataSource-1} inited
2022-01-28 22:50:21.278 [main] INFO  o.s.scheduling.concurrent.ThreadPoolTaskExecutor - Initializing ExecutorService 'applicationTaskExecutor'
2022-01-28 22:50:21.440 [main] INFO  org.apache.coyote.http11.Http11NioProtocol - Starting ProtocolHandler ["http-nio-8089"]
2022-01-28 22:50:21.454 [main] INFO  o.s.boot.web.embedded.tomcat.TomcatWebServer - Tomcat started on port(s): 8089 (http) with context path '/hello'
2022-01-28 22:50:21.461 [main] INFO  com.rock.HelloApplication - Started HelloApplication in 1.343 seconds (JVM running for 1.741)
2022-01-28 22:50:27.649 [http-nio-8089-exec-1] INFO  o.a.c.c.C.[Tomcat].[localhost].[/hello] - Initializing Spring DispatcherServlet 'dispatcherServlet'
2022-01-28 22:50:27.650 [http-nio-8089-exec-1] INFO  org.springframework.web.servlet.DispatcherServlet - Initializing Servlet 'dispatcherServlet'
2022-01-28 22:50:27.650 [http-nio-8089-exec-1] INFO  org.springframework.web.servlet.DispatcherServlet - Completed initialization in 0 ms
2022-01-28 22:50:34.535 [http-nio-8089-exec-1] DEBUG com.rock.mapper.TaskInstanceMapper.findAll_COUNT - ==>  Preparing: SELECT count(0) FROM task_instance
2022-01-28 22:50:34.550 [http-nio-8089-exec-1] DEBUG com.rock.mapper.TaskInstanceMapper.findAll_COUNT - ==> Parameters: 
2022-01-28 22:50:36.199 [http-nio-8089-exec-1] DEBUG com.rock.mapper.TaskInstanceMapper.findAll_COUNT - <==      Total: 1
2022-01-28 22:50:36.202 [http-nio-8089-exec-1] DEBUG com.rock.mapper.TaskInstanceMapper.findAll - ==>  Preparing: select id,type,value,task_owner as taskOwner,timestamp from task_instance LIMIT ?, ?
2022-01-28 22:50:36.203 [http-nio-8089-exec-1] DEBUG com.rock.mapper.TaskInstanceMapper.findAll - ==> Parameters: 1(Long), 1(Integer)
2022-01-28 22:50:36.838 [http-nio-8089-exec-1] DEBUG com.rock.mapper.TaskInstanceMapper.findAll - <==      Total: 1
2022-01-28 22:59:12.189 [SpringContextShutdownHook] INFO  o.s.scheduling.concurrent.ThreadPoolTaskExecutor - Shutting down ExecutorService 'applicationTaskExecutor'
2022-01-28 22:59:12.197 [SpringContextShutdownHook] INFO  com.alibaba.druid.pool.DruidDataSource - {dataSource-1} closed
2022-01-28 22:59:21.713 [main] INFO  com.rock.HelloApplication - Starting HelloApplication using Java 1.8.0_151 on Rocks-MacBook-Pro.local with PID 23976 (/Users/rock/github/springboot_project/hello/target/classes started by rock in /Users/rock/github/springboot_project)
2022-01-28 22:59:21.715 [main] INFO  com.rock.HelloApplication - No active profile set, falling back to default profiles: default
2022-01-28 22:59:22.301 [main] INFO  o.s.boot.web.embedded.tomcat.TomcatWebServer - Tomcat initialized with port(s): 8089 (http)
2022-01-28 22:59:22.306 [main] INFO  org.apache.coyote.http11.Http11NioProtocol - Initializing ProtocolHandler ["http-nio-8089"]
2022-01-28 22:59:22.306 [main] INFO  org.apache.catalina.core.StandardService - Starting service [Tomcat]
2022-01-28 22:59:22.307 [main] INFO  org.apache.catalina.core.StandardEngine - Starting Servlet engine: [Apache Tomcat/9.0.45]
2022-01-28 22:59:22.344 [main] INFO  o.a.c.c.C.[Tomcat].[localhost].[/hello] - Initializing Spring embedded WebApplicationContext
2022-01-28 22:59:22.344 [main] INFO  o.s.b.w.s.c.ServletWebServerApplicationContext - Root WebApplicationContext: initialization completed in 603 ms
2022-01-28 22:59:22.394 [main] INFO  c.a.d.s.b.a.DruidDataSourceAutoConfigure - Init DruidDataSource
2022-01-28 22:59:22.474 [main] INFO  com.alibaba.druid.pool.DruidDataSource - {dataSource-1} inited
2022-01-28 22:59:22.658 [main] INFO  o.s.scheduling.concurrent.ThreadPoolTaskExecutor - Initializing ExecutorService 'applicationTaskExecutor'
2022-01-28 22:59:22.818 [main] INFO  org.apache.coyote.http11.Http11NioProtocol - Starting ProtocolHandler ["http-nio-8089"]
2022-01-28 22:59:22.832 [main] INFO  o.s.boot.web.embedded.tomcat.TomcatWebServer - Tomcat started on port(s): 8089 (http) with context path '/hello'
2022-01-28 22:59:22.838 [main] INFO  com.rock.HelloApplication - Started HelloApplication in 1.355 seconds (JVM running for 1.757)
2022-01-28 22:59:30.351 [http-nio-8089-exec-1] INFO  o.a.c.c.C.[Tomcat].[localhost].[/hello] - Initializing Spring DispatcherServlet 'dispatcherServlet'
2022-01-28 22:59:30.351 [http-nio-8089-exec-1] INFO  org.springframework.web.servlet.DispatcherServlet - Initializing Servlet 'dispatcherServlet'
2022-01-28 22:59:30.352 [http-nio-8089-exec-1] INFO  org.springframework.web.servlet.DispatcherServlet - Completed initialization in 1 ms
2022-01-28 22:59:36.952 [http-nio-8089-exec-1] DEBUG com.rock.mapper.TaskInstanceMapper.findAll_COUNT - ==>  Preparing: SELECT count(0) FROM task_instance
2022-01-28 22:59:36.967 [http-nio-8089-exec-1] DEBUG com.rock.mapper.TaskInstanceMapper.findAll_COUNT - ==> Parameters: 
2022-01-28 22:59:38.331 [http-nio-8089-exec-1] DEBUG com.rock.mapper.TaskInstanceMapper.findAll_COUNT - <==      Total: 1
2022-01-28 23:00:42.154 [http-nio-8089-exec-4] DEBUG com.rock.mapper.TaskInstanceMapper.findAll_COUNT - ==>  Preparing: SELECT count(0) FROM task_instance
2022-01-28 23:00:42.154 [http-nio-8089-exec-4] DEBUG com.rock.mapper.TaskInstanceMapper.findAll_COUNT - ==> Parameters: 
2022-01-28 23:00:44.076 [http-nio-8089-exec-4] DEBUG com.rock.mapper.TaskInstanceMapper.findAll_COUNT - <==      Total: 1
2022-01-28 23:00:44.079 [http-nio-8089-exec-4] DEBUG com.rock.mapper.TaskInstanceMapper.findAll - ==>  Preparing: select id,type,value,task_owner as taskOwner,crated_time as cratedTime from task_instance LIMIT ?, ?
2022-01-28 23:00:44.081 [http-nio-8089-exec-4] DEBUG com.rock.mapper.TaskInstanceMapper.findAll - ==> Parameters: 1(Long), 1(Integer)
2022-01-28 23:00:44.332 [http-nio-8089-exec-4] DEBUG com.rock.mapper.TaskInstanceMapper.findAll - <==      Total: 1
2022-01-28 23:06:21.265 [SpringContextShutdownHook] INFO  o.s.scheduling.concurrent.ThreadPoolTaskExecutor - Shutting down ExecutorService 'applicationTaskExecutor'
2022-01-28 23:06:21.274 [SpringContextShutdownHook] INFO  com.alibaba.druid.pool.DruidDataSource - {dataSource-1} closed
2022-01-28 23:06:28.153 [main] INFO  com.rock.HelloApplication - Starting HelloApplication using Java 1.8.0_151 on Rocks-MacBook-Pro.local with PID 24012 (/Users/rock/github/springboot_project/hello/target/classes started by rock in /Users/rock/github/springboot_project)
2022-01-28 23:06:28.154 [main] INFO  com.rock.HelloApplication - No active profile set, falling back to default profiles: default
2022-01-28 23:06:28.749 [main] INFO  o.s.boot.web.embedded.tomcat.TomcatWebServer - Tomcat initialized with port(s): 8089 (http)
2022-01-28 23:06:28.754 [main] INFO  org.apache.coyote.http11.Http11NioProtocol - Initializing ProtocolHandler ["http-nio-8089"]
2022-01-28 23:06:28.755 [main] INFO  org.apache.catalina.core.StandardService - Starting service [Tomcat]
2022-01-28 23:06:28.755 [main] INFO  org.apache.catalina.core.StandardEngine - Starting Servlet engine: [Apache Tomcat/9.0.45]
2022-01-28 23:06:28.791 [main] INFO  o.a.c.c.C.[Tomcat].[localhost].[/hello] - Initializing Spring embedded WebApplicationContext
2022-01-28 23:06:28.791 [main] INFO  o.s.b.w.s.c.ServletWebServerApplicationContext - Root WebApplicationContext: initialization completed in 610 ms
2022-01-28 23:06:28.846 [main] INFO  c.a.d.s.b.a.DruidDataSourceAutoConfigure - Init DruidDataSource
2022-01-28 23:06:28.933 [main] INFO  com.alibaba.druid.pool.DruidDataSource - {dataSource-1} inited
2022-01-28 23:06:29.122 [main] INFO  o.s.scheduling.concurrent.ThreadPoolTaskExecutor - Initializing ExecutorService 'applicationTaskExecutor'
2022-01-28 23:06:29.286 [main] INFO  org.apache.coyote.http11.Http11NioProtocol - Starting ProtocolHandler ["http-nio-8089"]
2022-01-28 23:06:29.300 [main] INFO  o.s.boot.web.embedded.tomcat.TomcatWebServer - Tomcat started on port(s): 8089 (http) with context path '/hello'
2022-01-28 23:06:29.307 [main] INFO  com.rock.HelloApplication - Started HelloApplication in 1.382 seconds (JVM running for 1.777)
2022-01-28 23:10:33.894 [SpringContextShutdownHook] INFO  o.s.scheduling.concurrent.ThreadPoolTaskExecutor - Shutting down ExecutorService 'applicationTaskExecutor'
2022-01-28 23:10:33.895 [SpringContextShutdownHook] INFO  com.alibaba.druid.pool.DruidDataSource - {dataSource-1} closed
2022-01-28 23:10:41.017 [main] INFO  com.rock.HelloApplication - Starting HelloApplication using Java 1.8.0_151 on Rocks-MacBook-Pro.local with PID 24037 (/Users/rock/github/springboot_project/hello/target/classes started by rock in /Users/rock/github/springboot_project)
2022-01-28 23:10:41.019 [main] INFO  com.rock.HelloApplication - No active profile set, falling back to default profiles: default
2022-01-28 23:10:41.613 [main] INFO  o.s.boot.web.embedded.tomcat.TomcatWebServer - Tomcat initialized with port(s): 8089 (http)
2022-01-28 23:10:41.618 [main] INFO  org.apache.coyote.http11.Http11NioProtocol - Initializing ProtocolHandler ["http-nio-8089"]
2022-01-28 23:10:41.618 [main] INFO  org.apache.catalina.core.StandardService - Starting service [Tomcat]
2022-01-28 23:10:41.618 [main] INFO  org.apache.catalina.core.StandardEngine - Starting Servlet engine: [Apache Tomcat/9.0.45]
2022-01-28 23:10:41.655 [main] INFO  o.a.c.c.C.[Tomcat].[localhost].[/hello] - Initializing Spring embedded WebApplicationContext
2022-01-28 23:10:41.655 [main] INFO  o.s.b.w.s.c.ServletWebServerApplicationContext - Root WebApplicationContext: initialization completed in 609 ms
2022-01-28 23:10:41.708 [main] INFO  c.a.d.s.b.a.DruidDataSourceAutoConfigure - Init DruidDataSource
2022-01-28 23:10:41.792 [main] INFO  com.alibaba.druid.pool.DruidDataSource - {dataSource-1} inited
2022-01-28 23:10:41.979 [main] INFO  o.s.scheduling.concurrent.ThreadPoolTaskExecutor - Initializing ExecutorService 'applicationTaskExecutor'
2022-01-28 23:10:42.149 [main] INFO  org.apache.coyote.http11.Http11NioProtocol - Starting ProtocolHandler ["http-nio-8089"]
2022-01-28 23:10:42.165 [main] INFO  o.s.boot.web.embedded.tomcat.TomcatWebServer - Tomcat started on port(s): 8089 (http) with context path '/hello'
2022-01-28 23:10:42.173 [main] INFO  com.rock.HelloApplication - Started HelloApplication in 1.395 seconds (JVM running for 1.809)
2022-01-28 23:10:49.642 [http-nio-8089-exec-1] INFO  o.a.c.c.C.[Tomcat].[localhost].[/hello] - Initializing Spring DispatcherServlet 'dispatcherServlet'
2022-01-28 23:10:49.642 [http-nio-8089-exec-1] INFO  org.springframework.web.servlet.DispatcherServlet - Initializing Servlet 'dispatcherServlet'
2022-01-28 23:10:49.643 [http-nio-8089-exec-1] INFO  org.springframework.web.servlet.DispatcherServlet - Completed initialization in 1 ms
2022-01-28 23:10:52.518 [http-nio-8089-exec-1] DEBUG com.rock.mapper.TaskInstanceMapper.findAll - ==>  Preparing: select id,type,value,task_owner as taskOwner,crated_time as cratedTime from task_instance
2022-01-28 23:10:52.533 [http-nio-8089-exec-1] DEBUG com.rock.mapper.TaskInstanceMapper.findAll - ==> Parameters: 
2022-01-28 23:10:52.775 [http-nio-8089-exec-1] DEBUG com.rock.mapper.TaskInstanceMapper.findAll - <==      Total: 2
2022-01-28 23:11:28.827 [SpringContextShutdownHook] INFO  o.s.scheduling.concurrent.ThreadPoolTaskExecutor - Shutting down ExecutorService 'applicationTaskExecutor'
2022-01-28 23:11:28.832 [SpringContextShutdownHook] INFO  com.alibaba.druid.pool.DruidDataSource - {dataSource-1} closed
2022-01-28 23:11:37.341 [main] INFO  com.rock.HelloApplication - Starting HelloApplication using Java 1.8.0_151 on Rocks-MacBook-Pro.local with PID 24052 (/Users/rock/github/springboot_project/hello/target/classes started by rock in /Users/rock/github/springboot_project)
2022-01-28 23:11:37.343 [main] INFO  com.rock.HelloApplication - No active profile set, falling back to default profiles: default
2022-01-28 23:11:37.982 [main] INFO  o.s.boot.web.embedded.tomcat.TomcatWebServer - Tomcat initialized with port(s): 8089 (http)
2022-01-28 23:11:37.986 [main] INFO  org.apache.coyote.http11.Http11NioProtocol - Initializing ProtocolHandler ["http-nio-8089"]
2022-01-28 23:11:37.986 [main] INFO  org.apache.catalina.core.StandardService - Starting service [Tomcat]
2022-01-28 23:11:37.987 [main] INFO  org.apache.catalina.core.StandardEngine - Starting Servlet engine: [Apache Tomcat/9.0.45]
2022-01-28 23:11:38.020 [main] INFO  o.a.c.c.C.[Tomcat].[localhost].[/hello] - Initializing Spring embedded WebApplicationContext
2022-01-28 23:11:38.020 [main] INFO  o.s.b.w.s.c.ServletWebServerApplicationContext - Root WebApplicationContext: initialization completed in 652 ms
2022-01-28 23:11:38.069 [main] INFO  c.a.d.s.b.a.DruidDataSourceAutoConfigure - Init DruidDataSource
2022-01-28 23:11:38.149 [main] INFO  com.alibaba.druid.pool.DruidDataSource - {dataSource-1} inited
2022-01-28 23:11:38.323 [main] INFO  o.s.scheduling.concurrent.ThreadPoolTaskExecutor - Initializing ExecutorService 'applicationTaskExecutor'
2022-01-28 23:11:38.517 [main] INFO  org.apache.coyote.http11.Http11NioProtocol - Starting ProtocolHandler ["http-nio-8089"]
2022-01-28 23:11:38.535 [main] INFO  o.s.boot.web.embedded.tomcat.TomcatWebServer - Tomcat started on port(s): 8089 (http) with context path '/hello'
2022-01-28 23:11:38.543 [main] INFO  com.rock.HelloApplication - Started HelloApplication in 1.437 seconds (JVM running for 1.838)
2022-01-28 23:11:40.292 [http-nio-8089-exec-1] INFO  o.a.c.c.C.[Tomcat].[localhost].[/hello] - Initializing Spring DispatcherServlet 'dispatcherServlet'
2022-01-28 23:11:40.293 [http-nio-8089-exec-1] INFO  org.springframework.web.servlet.DispatcherServlet - Initializing Servlet 'dispatcherServlet'
2022-01-28 23:11:40.294 [http-nio-8089-exec-1] INFO  org.springframework.web.servlet.DispatcherServlet - Completed initialization in 1 ms
2022-01-28 23:11:42.946 [http-nio-8089-exec-1] DEBUG com.rock.mapper.TaskInstanceMapper.findAll - ==>  Preparing: select id,type,value,task_owner as taskOwner,crated_time as cratedTime from task_instance
2022-01-28 23:11:42.962 [http-nio-8089-exec-1] DEBUG com.rock.mapper.TaskInstanceMapper.findAll - ==> Parameters: 
2022-01-28 23:11:43.208 [http-nio-8089-exec-1] DEBUG com.rock.mapper.TaskInstanceMapper.findAll - <==      Total: 2
2022-01-28 23:14:11.830 [SpringContextShutdownHook] INFO  o.s.scheduling.concurrent.ThreadPoolTaskExecutor - Shutting down ExecutorService 'applicationTaskExecutor'
2022-01-28 23:14:11.834 [SpringContextShutdownHook] INFO  com.alibaba.druid.pool.DruidDataSource - {dataSource-1} closed
2022-01-28 23:14:18.383 [main] INFO  com.rock.HelloApplication - Starting HelloApplication using Java 1.8.0_151 on Rocks-MacBook-Pro.local with PID 24092 (/Users/rock/github/springboot_project/hello/target/classes started by rock in /Users/rock/github/springboot_project)
2022-01-28 23:14:18.384 [main] INFO  com.rock.HelloApplication - No active profile set, falling back to default profiles: default
2022-01-28 23:14:18.975 [main] INFO  o.s.boot.web.embedded.tomcat.TomcatWebServer - Tomcat initialized with port(s): 8089 (http)
2022-01-28 23:14:18.980 [main] INFO  org.apache.coyote.http11.Http11NioProtocol - Initializing ProtocolHandler ["http-nio-8089"]
2022-01-28 23:14:18.980 [main] INFO  org.apache.catalina.core.StandardService - Starting service [Tomcat]
2022-01-28 23:14:18.980 [main] INFO  org.apache.catalina.core.StandardEngine - Starting Servlet engine: [Apache Tomcat/9.0.45]
2022-01-28 23:14:19.015 [main] INFO  o.a.c.c.C.[Tomcat].[localhost].[/hello] - Initializing Spring embedded WebApplicationContext
2022-01-28 23:14:19.015 [main] INFO  o.s.b.w.s.c.ServletWebServerApplicationContext - Root WebApplicationContext: initialization completed in 605 ms
2022-01-28 23:14:19.069 [main] INFO  c.a.d.s.b.a.DruidDataSourceAutoConfigure - Init DruidDataSource
2022-01-28 23:14:19.151 [main] INFO  com.alibaba.druid.pool.DruidDataSource - {dataSource-1} inited
2022-01-28 23:14:19.331 [main] INFO  o.s.scheduling.concurrent.ThreadPoolTaskExecutor - Initializing ExecutorService 'applicationTaskExecutor'
2022-01-28 23:14:19.504 [main] INFO  org.apache.coyote.http11.Http11NioProtocol - Starting ProtocolHandler ["http-nio-8089"]
2022-01-28 23:14:19.520 [main] INFO  o.s.boot.web.embedded.tomcat.TomcatWebServer - Tomcat started on port(s): 8089 (http) with context path '/hello'
2022-01-28 23:14:19.528 [main] INFO  com.rock.HelloApplication - Started HelloApplication in 1.38 seconds (JVM running for 1.77)
2022-01-28 23:14:22.439 [http-nio-8089-exec-1] INFO  o.a.c.c.C.[Tomcat].[localhost].[/hello] - Initializing Spring DispatcherServlet 'dispatcherServlet'
2022-01-28 23:14:22.440 [http-nio-8089-exec-1] INFO  org.springframework.web.servlet.DispatcherServlet - Initializing Servlet 'dispatcherServlet'
2022-01-28 23:14:22.440 [http-nio-8089-exec-1] INFO  org.springframework.web.servlet.DispatcherServlet - Completed initialization in 0 ms
2022-01-28 23:14:25.783 [http-nio-8089-exec-1] DEBUG com.rock.mapper.TaskInstanceMapper.findAll - ==>  Preparing: select id,type,value,task_owner as taskOwner,crated_time as cratedTime from task_instance
2022-01-28 23:14:25.800 [http-nio-8089-exec-1] DEBUG com.rock.mapper.TaskInstanceMapper.findAll - ==> Parameters: 
2022-01-28 23:14:26.065 [http-nio-8089-exec-1] DEBUG com.rock.mapper.TaskInstanceMapper.findAll - <==      Total: 2
2022-01-28 23:18:52.676 [SpringContextShutdownHook] INFO  o.s.scheduling.concurrent.ThreadPoolTaskExecutor - Shutting down ExecutorService 'applicationTaskExecutor'
2022-01-28 23:18:52.682 [SpringContextShutdownHook] INFO  com.alibaba.druid.pool.DruidDataSource - {dataSource-1} closed
2022-01-28 23:18:58.146 [main] INFO  com.rock.HelloApplication - Starting HelloApplication using Java 1.8.0_151 on Rocks-MacBook-Pro.local with PID 24134 (/Users/rock/github/springboot_project/hello/target/classes started by rock in /Users/rock/github/springboot_project)
2022-01-28 23:18:58.147 [main] INFO  com.rock.HelloApplication - No active profile set, falling back to default profiles: default
2022-01-28 23:18:58.718 [main] INFO  o.s.boot.web.embedded.tomcat.TomcatWebServer - Tomcat initialized with port(s): 8089 (http)
2022-01-28 23:18:58.722 [main] INFO  org.apache.coyote.http11.Http11NioProtocol - Initializing ProtocolHandler ["http-nio-8089"]
2022-01-28 23:18:58.723 [main] INFO  org.apache.catalina.core.StandardService - Starting service [Tomcat]
2022-01-28 23:18:58.723 [main] INFO  org.apache.catalina.core.StandardEngine - Starting Servlet engine: [Apache Tomcat/9.0.45]
2022-01-28 23:18:58.757 [main] INFO  o.a.c.c.C.[Tomcat].[localhost].[/hello] - Initializing Spring embedded WebApplicationContext
2022-01-28 23:18:58.757 [main] INFO  o.s.b.w.s.c.ServletWebServerApplicationContext - Root WebApplicationContext: initialization completed in 584 ms
2022-01-28 23:18:58.806 [main] INFO  c.a.d.s.b.a.DruidDataSourceAutoConfigure - Init DruidDataSource
2022-01-28 23:18:58.886 [main] INFO  com.alibaba.druid.pool.DruidDataSource - {dataSource-1} inited
2022-01-28 23:18:59.069 [main] INFO  o.s.scheduling.concurrent.ThreadPoolTaskExecutor - Initializing ExecutorService 'applicationTaskExecutor'
2022-01-28 23:18:59.236 [main] INFO  org.apache.coyote.http11.Http11NioProtocol - Starting ProtocolHandler ["http-nio-8089"]
2022-01-28 23:18:59.250 [main] INFO  o.s.boot.web.embedded.tomcat.TomcatWebServer - Tomcat started on port(s): 8089 (http) with context path '/hello'
2022-01-28 23:18:59.257 [main] INFO  com.rock.HelloApplication - Started HelloApplication in 1.338 seconds (JVM running for 1.737)
2022-01-28 23:19:05.117 [http-nio-8089-exec-1] INFO  o.a.c.c.C.[Tomcat].[localhost].[/hello] - Initializing Spring DispatcherServlet 'dispatcherServlet'
2022-01-28 23:19:05.117 [http-nio-8089-exec-1] INFO  org.springframework.web.servlet.DispatcherServlet - Initializing Servlet 'dispatcherServlet'
2022-01-28 23:19:05.118 [http-nio-8089-exec-1] INFO  org.springframework.web.servlet.DispatcherServlet - Completed initialization in 1 ms
2022-01-28 23:19:08.022 [http-nio-8089-exec-1] DEBUG com.rock.mapper.TaskInstanceMapper.findAll - ==>  Preparing: select id,type,value,task_owner as taskOwner,crated_time as cratedTime from task_instance
2022-01-28 23:19:08.040 [http-nio-8089-exec-1] DEBUG com.rock.mapper.TaskInstanceMapper.findAll - ==> Parameters: 
2022-01-28 23:19:08.301 [http-nio-8089-exec-1] DEBUG com.rock.mapper.TaskInstanceMapper.findAll - <==      Total: 2
2022-01-28 23:19:16.724 [http-nio-8089-exec-2] DEBUG com.rock.mapper.TaskInstanceMapper.findAll - ==>  Preparing: select id,type,value,task_owner as taskOwner,crated_time as cratedTime from task_instance
2022-01-28 23:19:16.725 [http-nio-8089-exec-2] DEBUG com.rock.mapper.TaskInstanceMapper.findAll - ==> Parameters: 
2022-01-28 23:19:16.958 [http-nio-8089-exec-2] DEBUG com.rock.mapper.TaskInstanceMapper.findAll - <==      Total: 2
2022-01-29 01:04:56.884 [SpringContextShutdownHook] INFO  o.s.scheduling.concurrent.ThreadPoolTaskExecutor - Shutting down ExecutorService 'applicationTaskExecutor'
2022-01-29 01:04:56.890 [SpringContextShutdownHook] INFO  com.alibaba.druid.pool.DruidDataSource - {dataSource-1} closed
